<?xml version="1.0" encoding="UTF-8"?>
<!-- Generated by org.testng.reporters.JUnitXMLReporter -->
<testsuite ignored="2" hostname="LAPTOP-O2HJQ38M" failures="0" tests="1" name="Default test" time="24.924" errors="0" timestamp="2024-09-28T13:17:30 IST">
  <testcase classname="com.comcast.crm.orgTest.CreateOrgnisationTestTc_01" name="createOrgWithindustry" time="15.136"/>
  <testcase classname="com.comcast.crm.orgTest.CreateOrgnisationTestTc_01" name="createOrgWithPhoneNumber" time="0.0">
    <ignored/>
  </testcase> <!-- createOrgWithPhoneNumber -->
  <testcase classname="com.comcast.crm.orgTest.CreateOrgnisationTestTc_01" name="createOrg" time="0.0">
    <ignored/>
  </testcase> <!-- createOrg -->
</testsuite> <!-- Default test -->
