<?xml version="1.0" encoding="UTF-8"?>
<!-- Generated by org.testng.reporters.JUnitXMLReporter -->
<testsuite ignored="4" hostname="LAPTOP-O2HJQ38M" failures="0" tests="9" name="TestRunner-chrome" time="110.357" errors="0" timestamp="2024-09-19T10:50:19 IST">
  <testcase classname="com.comcast.crm.practiceBatchExeTest.Demo1Test" name="createA" time="0.014"/>
  <testcase classname="com.comcast.crm.practiceBatchExeTest.Demo1Test" name="createB" time="0.003"/>
  <testcase classname="com.comcast.crm.practiceBatchExeTest.Demo1Test" name="createC" time="0.005"/>
  <testcase classname="com.comcast.crm.practiceBatchExeTest.Demo3Test" name="createG" time="0.001"/>
  <testcase classname="com.comcast.crm.practiceBatchExeTest.Demo3Test" name="createH" time="0.003"/>
  <testcase classname="com.comcast.crm.practiceBatchExeTest.Demo3Test" name="createI" time="0.002"/>
  <testcase classname="com.comcast.crm.practiceBatchExeTest.Demo2Test" name="createD" time="0.002"/>
  <testcase classname="com.comcast.crm.practiceBatchExeTest.Demo2Test" name="createE" time="0.003"/>
  <testcase classname="com.comcast.crm.practiceBatchExeTest.Demo2Test" name="createF" time="0.002"/>
  <testcase classname="com.crm.comcast.basetest.BaseClass" name="@AfterSuite configAS" time="0.0">
    <ignored/>
  </testcase> <!-- @AfterSuite configAS -->
  <testcase classname="com.crm.comcast.basetest.BaseClass" name="@BeforeSuite configBS" time="0.0">
    <ignored/>
  </testcase> <!-- @BeforeSuite configBS -->
  <testcase classname="com.crm.comcast.basetest.BaseClass" name="@AfterSuite configAS" time="0.0">
    <ignored/>
  </testcase> <!-- @AfterSuite configAS -->
  <testcase classname="com.crm.comcast.basetest.BaseClass" name="@BeforeSuite configBS" time="0.0">
    <ignored/>
  </testcase> <!-- @BeforeSuite configBS -->
</testsuite> <!-- TestRunner-chrome -->
