<?xml version="1.0" encoding="UTF-8"?>
<!-- Generated by org.testng.reporters.JUnitXMLReporter -->
<testsuite ignored="2" hostname="LAPTOP-O2HJQ38M" failures="0" tests="0" name="Test" time="8.854" errors="0" timestamp="2024-09-26T18:31:26 IST">
  <testcase classname="com.comcast.crm.contactTest.CreateContactTest" name="createContactWithSupportDate" time="0.0">
    <ignored/>
  </testcase> <!-- createContactWithSupportDate -->
  <testcase classname="com.comcast.crm.contactTest.CreateContactTest" name="createContactWithOrgnisation" time="0.0">
    <ignored/>
  </testcase> <!-- createContactWithOrgnisation -->
</testsuite> <!-- Test -->
