<?xml version="1.0" encoding="UTF-8"?>
<!-- Generated by org.testng.reporters.JUnitXMLReporter -->
<testsuite ignored="2" hostname="LAPTOP-O2HJQ38M" failures="0" tests="6" name="Test1" time="39.63" errors="0" timestamp="2024-09-25T11:11:58 IST">
  <testcase classname="com.comcast.crm.practiceBatchExeTest.Demo2Test" name="createD" time="0.013"/>
  <testcase classname="com.comcast.crm.practiceBatchExeTest.Demo3Test" name="createG" time="0.002"/>
  <testcase classname="com.comcast.crm.practiceBatchExeTest.Demo3Test" name="createH" time="0.001"/>
  <testcase classname="com.comcast.crm.practiceBatchExeTest.Demo2Test" name="createE" time="0.003"/>
  <testcase classname="com.comcast.crm.practiceBatchExeTest.Demo2Test" name="createF" time="0.002"/>
  <testcase classname="com.comcast.crm.practiceBatchExeTest.Demo3Test" name="createI" time="0.002"/>
  <testcase classname="com.crm.comcast.basetest.BaseClass" name="@AfterSuite configAS" time="0.0">
    <ignored/>
  </testcase> <!-- @AfterSuite configAS -->
  <testcase classname="com.crm.comcast.basetest.BaseClass" name="@BeforeSuite configBS" time="0.0">
    <ignored/>
  </testcase> <!-- @BeforeSuite configBS -->
</testsuite> <!-- Test1 -->
