<?xml version="1.0" encoding="UTF-8"?>
<!-- Generated by org.testng.reporters.JUnitXMLReporter -->
<testsuite ignored="0" hostname="LAPTOP-O2HJQ38M" failures="0" tests="3" name="Test3" time="31.579" errors="0" timestamp="2024-09-18T15:57:47 IST">
  <testcase classname="com.comcast.crm.practiceBatchExeTest.Demo2Test" name="createD" time="0.002"/>
  <testcase classname="com.comcast.crm.practiceBatchExeTest.Demo2Test" name="createE" time="0.002"/>
  <testcase classname="com.comcast.crm.practiceBatchExeTest.Demo2Test" name="createF" time="0.002"/>
</testsuite> <!-- Test3 -->
