<?xml version="1.0" encoding="UTF-8"?>
<!-- Generated by org.testng.reporters.JUnitXMLReporter -->
<testsuite ignored="0" hostname="LAPTOP-O2HJQ38M" failures="1" tests="2" name="Test12345" time="25.468" errors="0" timestamp="2024-09-21T14:38:25 IST">
  <testcase classname="practice.listener.InvoiceTestSuiteLevel" name="createInvoiceTest" time="0.041">
    <failure type="java.lang.AssertionError" message="expected [login] but found [Administrator - Home - vtiger CRM 5 - Commercial Open Source CRM]">
      <![CDATA[java.lang.AssertionError: expected [login] but found [Administrator - Home - vtiger CRM 5 - Commercial Open Source CRM]
at practice.listener.InvoiceTestSuiteLevel.createInvoiceTest(InvoiceTestSuiteLevel.java:16)
at java.base/java.util.ArrayList.forEach(ArrayList.java:1596)
... Removed 31 stack frames]]>
    </failure>
  </testcase> <!-- createInvoiceTest -->
  <testcase classname="practice.listener.InvoiceTestSuiteLevel" name="createInvoiceWithContactTest" time="0.003"/>
</testsuite> <!-- Test12345 -->
